<html>
<head>
<title>TestNG:  会员管理</title>
<link href="../testng.css" rel="stylesheet" type="text/css" />
<link href="../my-testng.css" rel="stylesheet" type="text/css" />

<style type="text/css">
.log { display: none;} 
.stack-trace { display: none;} 
</style>
<script type="text/javascript">
<!--
function flip(e) {
  current = e.style.display;
  if (current == 'block') {
    e.style.display = 'none';
    return 0;
  }
  else {
    e.style.display = 'block';
    return 1;
  }
}

function toggleBox(szDivId, elem, msg1, msg2)
{
  var res = -1;  if (document.getElementById) {
    res = flip(document.getElementById(szDivId));
  }
  else if (document.all) {
    // this is the way old msie versions work
    res = flip(document.all[szDivId]);
  }
  if(elem) {
    if(res == 0) elem.innerHTML = msg1; else elem.innerHTML = msg2;
  }

}

function toggleAllBoxes() {
  if (document.getElementsByTagName) {
    d = document.getElementsByTagName('div');
    for (i = 0; i < d.length; i++) {
      if (d[i].className == 'log') {
        flip(d[i]);
      }
    }
  }
}

// -->
</script>

</head>
<body>
<h2 align='center'>会员管理</h2><table border='1' align="center">
<tr>
<td>Tests passed/Failed/Skipped:</td><td>9/1/0</td>
</tr><tr>
<td>Started on:</td><td>Sun Aug 11 15:20:06 CST 2019</td>
</tr>
<tr><td>Total time:</td><td>2 seconds (2225 ms)</td>
</tr><tr>
<td>Included groups:</td><td></td>
</tr><tr>
<td>Excluded groups:</td><td></td>
</tr>
</table><p/>
<small><i>(Hover the method name to see the test class name)</i></small><p/>
<table width='100%' border='1' class='invocation-failed'>
<tr><td colspan='4' align='center'><b>FAILED TESTS</b></td></tr>
<tr><td><b>Test method</b></td>
<td width="30%"><b>Exception</b></td>
<td width="10%"><b>Time (seconds)</b></td>
<td><b>Instance</b></td>
</tr>
<tr>
<td title='UserDeleteTest.testDeleteNotExistUser()'><b>testDeleteNotExistUser</b><br>Test class: UserDeleteTest<br>Test method: 删除已经不存在的数据</td>
<td><div><pre>java.lang.AssertionError: expected [0] but found [1]
	at UserDeleteTest.testDeleteNotExistUser(UserDeleteTest.java:53)
... Removed 33 stack frames</pre></div><a href='#' onClick='toggleBox("stack-trace2014461570", this, "Click to show all stack frames", "Click to hide stack frames")'>Click to show all stack frames</a>
<div class='stack-trace' id='stack-trace2014461570'><pre>java.lang.AssertionError: expected [0] but found [1]
	at org.testng.Assert.fail(Assert.java:94)
	at org.testng.Assert.failNotEquals(Assert.java:513)
	at org.testng.Assert.assertEqualsImpl(Assert.java:135)
	at org.testng.Assert.assertEquals(Assert.java:116)
	at org.testng.Assert.assertEquals(Assert.java:389)
	at org.testng.Assert.assertEquals(Assert.java:399)
	at UserDeleteTest.testDeleteNotExistUser(UserDeleteTest.java:53)
	at sun.reflect.NativeMethodAccessorImpl.invoke0(Native Method)
	at sun.reflect.NativeMethodAccessorImpl.invoke(NativeMethodAccessorImpl.java:62)
	at sun.reflect.DelegatingMethodAccessorImpl.invoke(DelegatingMethodAccessorImpl.java:43)
	at java.lang.reflect.Method.invoke(Method.java:497)
	at org.testng.internal.MethodInvocationHelper.invokeMethod(MethodInvocationHelper.java:86)
	at org.testng.internal.Invoker.invokeMethod(Invoker.java:643)
	at org.testng.internal.Invoker.invokeTestMethod(Invoker.java:820)
	at org.testng.internal.Invoker.invokeTestMethods(Invoker.java:1128)
	at org.testng.internal.TestMethodWorker.invokeTestMethods(TestMethodWorker.java:129)
	at org.testng.internal.TestMethodWorker.run(TestMethodWorker.java:112)
	at org.testng.TestRunner.privateRun(TestRunner.java:782)
	at org.testng.TestRunner.run(TestRunner.java:632)
	at org.testng.SuiteRunner.runTest(SuiteRunner.java:366)
	at org.testng.SuiteRunner.runSequentially(SuiteRunner.java:361)
	at org.testng.SuiteRunner.privateRun(SuiteRunner.java:319)
	at org.testng.SuiteRunner.run(SuiteRunner.java:268)
	at org.testng.SuiteRunnerWorker.runSuite(SuiteRunnerWorker.java:52)
	at org.testng.SuiteRunnerWorker.run(SuiteRunnerWorker.java:86)
	at org.testng.TestNG.runSuitesSequentially(TestNG.java:1244)
	at org.testng.TestNG.runSuitesLocally(TestNG.java:1169)
	at org.testng.TestNG.run(TestNG.java:1064)
	at org.apache.maven.surefire.testng.TestNGExecutor.run(TestNGExecutor.java:281)
	at org.apache.maven.surefire.testng.TestNGXmlTestSuite.execute(TestNGXmlTestSuite.java:75)
	at org.apache.maven.surefire.testng.TestNGProvider.invoke(TestNGProvider.java:121)
	at org.apache.maven.surefire.booter.ForkedBooter.invokeProviderInSameClassLoader(ForkedBooter.java:290)
	at org.apache.maven.surefire.booter.ForkedBooter.runSuitesInProcess(ForkedBooter.java:242)
	at org.apache.maven.surefire.booter.ForkedBooter.main(ForkedBooter.java:121)
</pre></div></td>
<td>0</td>
<td>UserDeleteTest@587d1d39</td></tr>
</table><p>
<table width='100%' border='1' class='invocation-passed'>
<tr><td colspan='4' align='center'><b>PASSED TESTS</b></td></tr>
<tr><td><b>Test method</b></td>
<td width="30%"><b>Exception</b></td>
<td width="10%"><b>Time (seconds)</b></td>
<td><b>Instance</b></td>
</tr>
<tr>
<td title='UserAddTest.testAddDuplicateUser()'><b>testAddDuplicateUser</b><br>Test class: UserAddTest<br>Test method: 添加重复的用户</td>
<td></td>
<td>0</td>
<td>UserAddTest@3e57cd70</td></tr>
<tr>
<td title='UserAddTest.testAddUser()'><b>testAddUser</b><br>Test class: UserAddTest<br>Test method: 新增用户正常流程</td>
<td></td>
<td>0</td>
<td>UserAddTest@3e57cd70</td></tr>
<tr>
<td title='UserDeleteTest.testDeleteUser()'><b>testDeleteUser</b><br>Test class: UserDeleteTest<br>Test method: 正常删除</td>
<td></td>
<td>0</td>
<td>UserDeleteTest@587d1d39</td></tr>
<tr>
<td title='UserAddTest.testDismissParam()'><b>testDismissParam</b><br>Test class: UserAddTest<br>Test method: 缺少参数</td>
<td></td>
<td>0</td>
<td>UserAddTest@3e57cd70</td></tr>
<tr>
<td title='UserEditTest.testDismissParam()'><b>testDismissParam</b><br>Test class: UserEditTest<br>Test method: 缺少参数</td>
<td></td>
<td>0</td>
<td>UserEditTest@9a7504c</td></tr>
<tr>
<td title='UserEditTest.testEditMember1()'><b>testEditMember1</b><br>Test class: UserEditTest<br>Test method: 修改会员<br>Parameters: 1, 北京, 40, 怀柔区, 458, 怀柔区</td>
<td></td>
<td>0</td>
<td>UserEditTest@9a7504c</td></tr>
<tr>
<td title='UserEditTest.testEditMember1()'><b>testEditMember1</b><br>Test class: UserEditTest<br>Test method: 修改会员<br>Parameters: 2, 上海, 56, 静安区, 474, 静安区</td>
<td></td>
<td>0</td>
<td>UserEditTest@9a7504c</td></tr>
<tr>
<td title='UserListTest.testSearchByuname()'><b>testSearchByuname</b><br>Test class: UserListTest<br>Test method: 根据用户名搜索</td>
<td></td>
<td>0</td>
<td>UserListTest@2c039ac6</td></tr>
<tr>
<td title='UserEditTest.testSpeChar()'><b>testSpeChar</b><br>Test class: UserEditTest<br>Test method: 特殊字符</td>
<td></td>
<td>0</td>
<td>UserEditTest@9a7504c</td></tr>
</table><p>
</body>
</html>